# JRE version: Java(TM) SE Runtime Environment (8.0_181-b13) (build 1.8.0_181-b13)
# Java VM: Java HotSpot(TM) 64-Bit Server VM (25.181-b13 mixed mode linux-amd64 compressed oops)
Heap:
 PSYoungGen      total 304128K, used 0K [0x00000000eab00000, 0x0000000100000000, 0x0000000100000000)
  eden space 259072K, 0% used [0x00000000eab00000,0x00000000eab00000,0x00000000fa800000)
  from space 45056K, 0% used [0x00000000fa800000,0x00000000fa800000,0x00000000fd400000)
  to   space 45056K, 0% used [0x00000000fd400000,0x00000000fd400000,0x0000000100000000)
 ParOldGen       total 109056K, used 104667K [0x00000000c0000000, 0x00000000c6a80000, 0x00000000eab00000)
  object space 109056K, 95% used [0x00000000c0000000,0x00000000c6636d00,0x00000000c6a80000)
 Metaspace       used 76369K, capacity 79045K, committed 79768K, reserved 1118208K
  class space    used 10150K, capacity 10736K, committed 10928K, reserved 1048576K
GC Heap History (10 events):
Event: 37.106 GC heap after
Heap after GC invocations=18 (full 3):
 PSYoungGen      total 320512K, used 26614K [0x00000000eab00000, 0x0000000100000000, 0x0000000100000000)
  eden space 293888K, 0% used [0x00000000eab00000,0x00000000eab00000,0x00000000fca00000)
  from space 26624K, 99% used [0x00000000fca00000,0x00000000fe3fd948,0x00000000fe400000)
  to   space 28672K, 0% used [0x00000000fe400000,0x00000000fe400000,0x0000000100000000)
 ParOldGen       total 109056K, used 62556K [0x00000000c0000000, 0x00000000c6a80000, 0x00000000eab00000)
  object space 109056K, 57% used [0x00000000c0000000,0x00000000c3d17268,0x00000000c6a80000)
 Metaspace       used 73672K, capacity 76091K, committed 76312K, reserved 1116160K
  class space    used 9964K, capacity 10533K, committed 10544K, reserved 1048576K
}
Event: 39.335 GC heap before
{Heap before GC invocations=19 (full 3):
 PSYoungGen      total 320512K, used 320502K [0x00000000eab00000, 0x0000000100000000, 0x0000000100000000)
  eden space 293888K, 100% used [0x00000000eab00000,0x00000000fca00000,0x00000000fca00000)
  from space 26624K, 99% used [0x00000000fca00000,0x00000000fe3fd948,0x00000000fe400000)
  to   space 28672K, 0% used [0x00000000fe400000,0x00000000fe400000,0x0000000100000000)
 ParOldGen       total 109056K, used 62556K [0x00000000c0000000, 0x00000000c6a80000, 0x00000000eab00000)
  object space 109056K, 57% used [0x00000000c0000000,0x00000000c3d17268,0x00000000c6a80000)
 Metaspace       used 74201K, capacity 76599K, committed 76952K, reserved 1116160K
  class space    used 10000K, capacity 10567K, committed 10672K, reserved 1048576K
Event: 39.426 GC heap after
Heap after GC invocations=19 (full 3):
 PSYoungGen      total 302080K, used 18178K [0x00000000eab00000, 0x0000000100000000, 0x0000000100000000)
  eden space 273408K, 0% used [0x00000000eab00000,0x00000000eab00000,0x00000000fb600000)
  from space 28672K, 63% used [0x00000000fe400000,0x00000000ff5c0bc0,0x0000000100000000)
  to   space 37888K, 0% used [0x00000000fb600000,0x00000000fb600000,0x00000000fdb00000)
 ParOldGen       total 109056K, used 71879K [0x00000000c0000000, 0x00000000c6a80000, 0x00000000eab00000)
  object space 109056K, 65% used [0x00000000c0000000,0x00000000c4631fb8,0x00000000c6a80000)
 Metaspace       used 74201K, capacity 76599K, committed 76952K, reserved 1116160K
  class space    used 10000K, capacity 10567K, committed 10672K, reserved 1048576K
}
Event: 41.131 GC heap before
{Heap before GC invocations=20 (full 3):
 PSYoungGen      total 302080K, used 291586K [0x00000000eab00000, 0x0000000100000000, 0x0000000100000000)
  eden space 273408K, 100% used [0x00000000eab00000,0x00000000fb600000,0x00000000fb600000)
  from space 28672K, 63% used [0x00000000fe400000,0x00000000ff5c0bc0,0x0000000100000000)
  to   space 37888K, 0% used [0x00000000fb600000,0x00000000fb600000,0x00000000fdb00000)
 ParOldGen       total 109056K, used 71879K [0x00000000c0000000, 0x00000000c6a80000, 0x00000000eab00000)
  object space 109056K, 65% used [0x00000000c0000000,0x00000000c4631fb8,0x00000000c6a80000)
 Metaspace       used 74368K, capacity 76809K, committed 76952K, reserved 1116160K
  class space    used 10000K, capacity 10568K, committed 10672K, reserved 1048576K
Event: 41.195 GC heap after
Heap after GC invocations=20 (full 3):
 PSYoungGen      total 311296K, used 20292K [0x00000000eab00000, 0x0000000100000000, 0x0000000100000000)
  eden space 273408K, 0% used [0x00000000eab00000,0x00000000eab00000,0x00000000fb600000)
  from space 37888K, 53% used [0x00000000fb600000,0x00000000fc9d11f0,0x00000000fdb00000)
  to   space 37376K, 0% used [0x00000000fdb80000,0x00000000fdb80000,0x0000000100000000)
 ParOldGen       total 109056K, used 71879K [0x00000000c0000000, 0x00000000c6a80000, 0x00000000eab00000)
  object space 109056K, 65% used [0x00000000c0000000,0x00000000c4631fb8,0x00000000c6a80000)
 Metaspace       used 74368K, capacity 76809K, committed 76952K, reserved 1116160K
  class space    used 10000K, capacity 10568K, committed 10672K, reserved 1048576K
}
Event: 44.536 GC heap before
{Heap before GC invocations=21 (full 3):
 PSYoungGen      total 311296K, used 293700K [0x00000000eab00000, 0x0000000100000000, 0x0000000100000000)
  eden space 273408K, 100% used [0x00000000eab00000,0x00000000fb600000,0x00000000fb600000)
  from space 37888K, 53% used [0x00000000fb600000,0x00000000fc9d11f0,0x00000000fdb00000)
  to   space 37376K, 0% used [0x00000000fdb80000,0x00000000fdb80000,0x0000000100000000)
 ParOldGen       total 109056K, used 71879K [0x00000000c0000000, 0x00000000c6a80000, 0x00000000eab00000)
  object space 109056K, 65% used [0x00000000c0000000,0x00000000c4631fb8,0x00000000c6a80000)
 Metaspace       used 76289K, capacity 79177K, committed 79512K, reserved 1118208K
  class space    used 10193K, capacity 10818K, committed 10928K, reserved 1048576K
Event: 44.637 GC heap after
Heap after GC invocations=21 (full 3):
 PSYoungGen      total 296448K, used 37366K [0x00000000eab00000, 0x0000000100000000, 0x0000000100000000)
  eden space 259072K, 0% used [0x00000000eab00000,0x00000000eab00000,0x00000000fa800000)
  from space 37376K, 99% used [0x00000000fdb80000,0x00000000ffffda80,0x0000000100000000)
  to   space 45056K, 0% used [0x00000000fa800000,0x00000000fa800000,0x00000000fd400000)
 ParOldGen       total 109056K, used 77337K [0x00000000c0000000, 0x00000000c6a80000, 0x00000000eab00000)
  object space 109056K, 70% used [0x00000000c0000000,0x00000000c4b867d0,0x00000000c6a80000)
 Metaspace       used 76289K, capacity 79177K, committed 79512K, reserved 1118208K
  class space    used 10193K, capacity 10818K, committed 10928K, reserved 1048576K
}
Event: 49.777 GC heap before
{Heap before GC invocations=22 (full 3):
 PSYoungGen      total 296448K, used 296438K [0x00000000eab00000, 0x0000000100000000, 0x0000000100000000)
  eden space 259072K, 100% used [0x00000000eab00000,0x00000000fa800000,0x00000000fa800000)
  from space 37376K, 99% used [0x00000000fdb80000,0x00000000ffffda80,0x0000000100000000)
  to   space 45056K, 0% used [0x00000000fa800000,0x00000000fa800000,0x00000000fd400000)
 ParOldGen       total 109056K, used 77337K [0x00000000c0000000, 0x00000000c6a80000, 0x00000000eab00000)
  object space 109056K, 70% used [0x00000000c0000000,0x00000000c4b867d0,0x00000000c6a80000)
 Metaspace       used 76519K, capacity 79423K, committed 79768K, reserved 1118208K
  class space    used 10205K, capacity 10829K, committed 10928K, reserved 1048576K
Event: 50.032 GC heap after
Heap after GC invocations=22 (full 3):
 PSYoungGen      total 304128K, used 45050K [0x00000000eab00000, 0x0000000100000000, 0x0000000100000000)
  eden space 259072K, 0% used [0x00000000eab00000,0x00000000eab00000,0x00000000fa800000)
  from space 45056K, 99% used [0x00000000fa800000,0x00000000fd3fe8d0,0x00000000fd400000)
  to   space 45056K, 0% used [0x00000000fd400000,0x00000000fd400000,0x0000000100000000)
 ParOldGen       total 109056K, used 96298K [0x00000000c0000000, 0x00000000c6a80000, 0x00000000eab00000)
  object space 109056K, 88% used [0x00000000c0000000,0x00000000c5e0a9c8,0x00000000c6a80000)
 Metaspace       used 76519K, capacity 79423K, committed 79768K, reserved 1118208K
  class space    used 10205K, capacity 10829K, committed 10928K, reserved 1048576K
}
Event: 50.034 GC heap before
{Heap before GC invocations=23 (full 4):
 PSYoungGen      total 304128K, used 45050K [0x00000000eab00000, 0x0000000100000000, 0x0000000100000000)
  eden space 259072K, 0% used [0x00000000eab00000,0x00000000eab00000,0x00000000fa800000)
  from space 45056K, 99% used [0x00000000fa800000,0x00000000fd3fe8d0,0x00000000fd400000)
  to   space 45056K, 0% used [0x00000000fd400000,0x00000000fd400000,0x0000000100000000)
 ParOldGen       total 109056K, used 96298K [0x00000000c0000000, 0x00000000c6a80000, 0x00000000eab00000)
  object space 109056K, 88% used [0x00000000c0000000,0x00000000c5e0a9c8,0x00000000c6a80000)
 Metaspace       used 76519K, capacity 79423K, committed 79768K, reserved 1118208K
  class space    used 10205K, capacity 10829K, committed 10928K, reserved 1048576K

