# JRE version: Java(TM) SE Runtime Environment (8.0_181-b13) (build 1.8.0_181-b13)
# Java VM: Java HotSpot(TM) 64-Bit Server VM (25.181-b13 mixed mode linux-amd64 compressed oops)
Heap:
 PSYoungGen      total 184832K, used 14315K [0x00000000eab00000, 0x00000000f6d80000, 0x0000000100000000)
  eden space 170496K, 0% used [0x00000000eab00000,0x00000000eab00000,0x00000000f5180000)
  from space 14336K, 99% used [0x00000000f5180000,0x00000000f5f7af98,0x00000000f5f80000)
  to   space 12288K, 0% used [0x00000000f6180000,0x00000000f6180000,0x00000000f6d80000)
 ParOldGen       total 57856K, used 22188K [0x00000000c0000000, 0x00000000c3880000, 0x00000000eab00000)
  object space 57856K, 38% used [0x00000000c0000000,0x00000000c15ab128,0x00000000c3880000)
 Metaspace       used 48771K, capacity 49750K, committed 49840K, reserved 1091584K
  class space    used 6698K, capacity 7030K, committed 7088K, reserved 1048576K
GC Heap History (10 events):
Event: 3.829 GC heap after
Heap after GC invocations=6 (full 0):
 PSYoungGen      total 104448K, used 3712K [0x00000000eab00000, 0x00000000f1c00000, 0x0000000100000000)
  eden space 94208K, 0% used [0x00000000eab00000,0x00000000eab00000,0x00000000f0700000)
  from space 10240K, 36% used [0x00000000f1200000,0x00000000f15a0050,0x00000000f1c00000)
  to   space 10752K, 0% used [0x00000000f0700000,0x00000000f0700000,0x00000000f1180000)
 ParOldGen       total 61440K, used 11933K [0x00000000c0000000, 0x00000000c3c00000, 0x00000000eab00000)
  object space 61440K, 19% used [0x00000000c0000000,0x00000000c0ba7480,0x00000000c3c00000)
 Metaspace       used 20949K, capacity 21188K, committed 21296K, reserved 1067008K
  class space    used 2971K, capacity 3074K, committed 3120K, reserved 1048576K
}
Event: 3.829 GC heap before
{Heap before GC invocations=7 (full 1):
 PSYoungGen      total 104448K, used 3712K [0x00000000eab00000, 0x00000000f1c00000, 0x0000000100000000)
  eden space 94208K, 0% used [0x00000000eab00000,0x00000000eab00000,0x00000000f0700000)
  from space 10240K, 36% used [0x00000000f1200000,0x00000000f15a0050,0x00000000f1c00000)
  to   space 10752K, 0% used [0x00000000f0700000,0x00000000f0700000,0x00000000f1180000)
 ParOldGen       total 61440K, used 11933K [0x00000000c0000000, 0x00000000c3c00000, 0x00000000eab00000)
  object space 61440K, 19% used [0x00000000c0000000,0x00000000c0ba7480,0x00000000c3c00000)
 Metaspace       used 20949K, capacity 21188K, committed 21296K, reserved 1067008K
  class space    used 2971K, capacity 3074K, committed 3120K, reserved 1048576K
Event: 3.879 GC heap after
Heap after GC invocations=7 (full 1):
 PSYoungGen      total 104448K, used 0K [0x00000000eab00000, 0x00000000f1c00000, 0x0000000100000000)
  eden space 94208K, 0% used [0x00000000eab00000,0x00000000eab00000,0x00000000f0700000)
  from space 10240K, 0% used [0x00000000f1200000,0x00000000f1200000,0x00000000f1c00000)
  to   space 10752K, 0% used [0x00000000f0700000,0x00000000f0700000,0x00000000f1180000)
 ParOldGen       total 40448K, used 6963K [0x00000000c0000000, 0x00000000c2780000, 0x00000000eab00000)
  object space 40448K, 17% used [0x00000000c0000000,0x00000000c06cce98,0x00000000c2780000)
 Metaspace       used 20949K, capacity 21188K, committed 21296K, reserved 1067008K
  class space    used 2971K, capacity 3074K, committed 3120K, reserved 1048576K
}
Event: 6.373 GC heap before
{Heap before GC invocations=8 (full 1):
 PSYoungGen      total 104448K, used 94208K [0x00000000eab00000, 0x00000000f1c00000, 0x0000000100000000)
  eden space 94208K, 100% used [0x00000000eab00000,0x00000000f0700000,0x00000000f0700000)
  from space 10240K, 0% used [0x00000000f1200000,0x00000000f1200000,0x00000000f1c00000)
  to   space 10752K, 0% used [0x00000000f0700000,0x00000000f0700000,0x00000000f1180000)
 ParOldGen       total 40448K, used 6963K [0x00000000c0000000, 0x00000000c2780000, 0x00000000eab00000)
  object space 40448K, 17% used [0x00000000c0000000,0x00000000c06cce98,0x00000000c2780000)
 Metaspace       used 29545K, capacity 29954K, committed 30256K, reserved 1075200K
  class space    used 4105K, capacity 4283K, committed 4400K, reserved 1048576K
Event: 6.401 GC heap after
Heap after GC invocations=8 (full 1):
 PSYoungGen      total 104960K, used 10743K [0x00000000eab00000, 0x00000000f6e00000, 0x0000000100000000)
  eden space 94208K, 0% used [0x00000000eab00000,0x00000000eab00000,0x00000000f0700000)
  from space 10752K, 99% used [0x00000000f0700000,0x00000000f117dd18,0x00000000f1180000)
  to   space 12800K, 0% used [0x00000000f6180000,0x00000000f6180000,0x00000000f6e00000)
 ParOldGen       total 40448K, used 7101K [0x00000000c0000000, 0x00000000c2780000, 0x00000000eab00000)
  object space 40448K, 17% used [0x00000000c0000000,0x00000000c06ef728,0x00000000c2780000)
 Metaspace       used 29545K, capacity 29954K, committed 30256K, reserved 1075200K
  class space    used 4105K, capacity 4283K, committed 4400K, reserved 1048576K
}
Event: 8.914 GC heap before
{Heap before GC invocations=9 (full 1):
 PSYoungGen      total 104960K, used 87135K [0x00000000eab00000, 0x00000000f6e00000, 0x0000000100000000)
  eden space 94208K, 81% used [0x00000000eab00000,0x00000000ef59a220,0x00000000f0700000)
  from space 10752K, 99% used [0x00000000f0700000,0x00000000f117dd18,0x00000000f1180000)
  to   space 12800K, 0% used [0x00000000f6180000,0x00000000f6180000,0x00000000f6e00000)
 ParOldGen       total 40448K, used 7101K [0x00000000c0000000, 0x00000000c2780000, 0x00000000eab00000)
  object space 40448K, 17% used [0x00000000c0000000,0x00000000c06ef728,0x00000000c2780000)
 Metaspace       used 34718K, capacity 35328K, committed 35496K, reserved 1079296K
  class space    used 4834K, capacity 5073K, committed 5168K, reserved 1048576K
Event: 8.937 GC heap after
Heap after GC invocations=9 (full 1):
 PSYoungGen      total 182784K, used 11281K [0x00000000eab00000, 0x00000000f6d80000, 0x0000000100000000)
  eden space 170496K, 0% used [0x00000000eab00000,0x00000000eab00000,0x00000000f5180000)
  from space 12288K, 91% used [0x00000000f6180000,0x00000000f6c844b0,0x00000000f6d80000)
  to   space 14336K, 0% used [0x00000000f5180000,0x00000000f5180000,0x00000000f5f80000)
 ParOldGen       total 40448K, used 7109K [0x00000000c0000000, 0x00000000c2780000, 0x00000000eab00000)
  object space 40448K, 17% used [0x00000000c0000000,0x00000000c06f1728,0x00000000c2780000)
 Metaspace       used 34718K, capacity 35328K, committed 35496K, reserved 1079296K
  class space    used 4834K, capacity 5073K, committed 5168K, reserved 1048576K
}
Event: 8.938 GC heap before
{Heap before GC invocations=10 (full 2):
 PSYoungGen      total 182784K, used 11281K [0x00000000eab00000, 0x00000000f6d80000, 0x0000000100000000)
  eden space 170496K, 0% used [0x00000000eab00000,0x00000000eab00000,0x00000000f5180000)
  from space 12288K, 91% used [0x00000000f6180000,0x00000000f6c844b0,0x00000000f6d80000)
  to   space 14336K, 0% used [0x00000000f5180000,0x00000000f5180000,0x00000000f5f80000)
 ParOldGen       total 40448K, used 7109K [0x00000000c0000000, 0x00000000c2780000, 0x00000000eab00000)
  object space 40448K, 17% used [0x00000000c0000000,0x00000000c06f1728,0x00000000c2780000)
 Metaspace       used 34718K, capacity 35328K, committed 35496K, reserved 1079296K
  class space    used 4834K, capacity 5073K, committed 5168K, reserved 1048576K
Event: 9.065 GC heap after
Heap after GC invocations=10 (full 2):
 PSYoungGen      total 182784K, used 0K [0x00000000eab00000, 0x00000000f6d80000, 0x0000000100000000)
  eden space 170496K, 0% used [0x00000000eab00000,0x00000000eab00000,0x00000000f5180000)
  from space 12288K, 0% used [0x00000000f6180000,0x00000000f6180000,0x00000000f6d80000)
  to   space 14336K, 0% used [0x00000000f5180000,0x00000000f5180000,0x00000000f5f80000)
 ParOldGen       total 57856K, used 17796K [0x00000000c0000000, 0x00000000c3880000, 0x00000000eab00000)
  object space 57856K, 30% used [0x00000000c0000000,0x00000000c1161180,0x00000000c3880000)
 Metaspace       used 34662K, capacity 35202K, committed 35496K, reserved 1079296K
  class space    used 4817K, capacity 5031K, committed 5168K, reserved 1048576K
}
Event: 42.048 GC heap before
{Heap before GC invocations=11 (full 2):
 PSYoungGen      total 182784K, used 170496K [0x00000000eab00000, 0x00000000f6d80000, 0x0000000100000000)
  eden space 170496K, 100% used [0x00000000eab00000,0x00000000f5180000,0x00000000f5180000)
  from space 12288K, 0% used [0x00000000f6180000,0x00000000f6180000,0x00000000f6d80000)
  to   space 14336K, 0% used [0x00000000f5180000,0x00000000f5180000,0x00000000f5f80000)
 ParOldGen       total 57856K, used 17796K [0x00000000c0000000, 0x00000000c3880000, 0x00000000eab00000)
  object space 57856K, 30% used [0x00000000c0000000,0x00000000c1161180,0x00000000c3880000)
 Metaspace       used 48771K, capacity 49750K, committed 49840K, reserved 1091584K
  class space    used 6698K, capacity 7030K, committed 7088K, reserved 1048576K

